2025-05-03 15:00:25:025 [32minfo[39m: [32mAttempting to connect to MongoDB...[39m
2025-05-03 15:00:25:025 [31merror[39m: [31mRedis connection error:[39m
2025-05-03 15:00:25:025 [31merror[39m: [31mRedis connection error:[39m
2025-05-03 15:00:25:025 [31merror[39m: [31mRedis connection error:[39m
2025-05-03 15:00:25:025 [31merror[39m: [31mRedis connection error:[39m
2025-05-03 15:00:25:025 [32minfo[39m: [32mConnected to MongoDB successfully[39m
2025-05-03 15:00:25:025 [32minfo[39m: [32mServer running on port 5001[39m
2025-05-03 15:00:25:025 [31merror[39m: [31mRedis connection error:[39m
2025-05-03 15:00:25:025 [31merror[39m: [31mRedis connection error:[39m
2025-05-03 15:00:25:025 [31merror[39m: [31mRedis connection error:[39m
2025-05-03 15:00:25:025 [31merror[39m: [31mRedis connection error:[39m
2025-05-03 15:00:25:025 [31merror[39m: [31mRedis connection error:[39m
2025-05-03 15:00:25:025 [31merror[39m: [31mRedis connection error:[39m
2025-05-03 15:00:25:025 [31merror[39m: [31mRedis connection error:[39m
2025-05-03 15:00:25:025 [31merror[39m: [31mRedis connection error:[39m
2025-05-03 15:00:25:025 [31merror[39m: [31mRedis connection error:[39m
2025-05-03 15:00:25:025 [31merror[39m: [31mRedis connection error:[39m
2025-05-03 15:00:26:026 [31merror[39m: [31mRedis connection error:[39m
2025-05-03 15:00:26:026 [31merror[39m: [31mRedis connection error:[39m
2025-05-03 15:00:26:026 [31merror[39m: [31mRedis connection error:[39m
2025-05-03 15:00:26:026 [31merror[39m: [31mRedis connection error:[39m
2025-05-03 15:00:27:027 [31merror[39m: [31mRedis connection error:[39m
2025-05-03 15:00:27:027 [31merror[39m: [31mRedis connection error:[39m
2025-05-03 15:00:27:027 [31merror[39m: [31mRedis connection error:[39m
2025-05-03 15:00:27:027 [31merror[39m: [31mRedis connection error:[39m
2025-05-03 15:00:28:028 [31merror[39m: [31mRedis connection error:[39m
2025-05-03 15:00:28:028 [31merror[39m: [31mRedis connection error:[39m
2025-05-03 15:00:28:028 [31merror[39m: [31mRedis connection error:[39m
2025-05-03 15:00:28:028 [31merror[39m: [31mRedis connection error:[39m
2025-05-03 15:00:29:029 [31merror[39m: [31mRedis connection error:[39m
2025-05-03 15:00:29:029 [31merror[39m: [31mRedis connection error:[39m
2025-05-03 15:00:29:029 [31merror[39m: [31mRedis connection error:[39m
2025-05-03 15:00:29:029 [31merror[39m: [31mRedis connection error:[39m
2025-05-03 15:00:30:030 [31merror[39m: [31mRedis connection error:[39m
2025-05-03 15:00:30:030 [31merror[39m: [31mRedis connection error:[39m
2025-05-03 15:00:30:030 [31merror[39m: [31mRedis connection error:[39m
2025-05-03 15:00:30:030 [31merror[39m: [31mRedis connection error:[39m
2025-05-03 15:00:31:031 [31merror[39m: [31mRedis connection error:[39m
2025-05-03 15:00:31:031 [31merror[39m: [31mRedis connection error:[39m
2025-05-03 15:00:31:031 [31merror[39m: [31mRedis connection error:[39m
2025-05-03 15:00:31:031 [31merror[39m: [31mRedis connection error:[39m
2025-05-03 15:00:32:032 [31merror[39m: [31mRedis connection error:[39m
2025-05-03 15:00:32:032 [31merror[39m: [31mRedis connection error:[39m
2025-05-03 15:00:32:032 [31merror[39m: [31mRedis connection error:[39m
2025-05-03 15:00:32:032 [31merror[39m: [31mRedis connection error:[39m
2025-05-03 15:00:33:033 [31merror[39m: [31mRedis connection error:[39m
2025-05-03 15:00:33:033 [31merror[39m: [31mRedis connection error:[39m
2025-05-03 15:00:33:033 [32minfo[39m: [32mAttempting to connect to MongoDB...[39m
2025-05-03 15:00:33:033 [31merror[39m: [31mRedis connection error:[39m
2025-05-03 15:00:33:033 [31merror[39m: [31mRedis connection error:[39m
2025-05-03 15:00:33:033 [31merror[39m: [31mRedis connection error:[39m
2025-05-03 15:00:34:034 [31merror[39m: [31mRedis connection error:[39m
2025-05-03 15:00:34:034 [31merror[39m: [31mRedis connection error:[39m
2025-05-03 15:00:34:034 [31merror[39m: [31mRedis connection error:[39m
2025-05-03 15:00:34:034 [31merror[39m: [31mRedis connection error:[39m
2025-05-03 15:00:35:035 [31merror[39m: [31mRedis connection error:[39m
2025-05-03 15:00:35:035 [31merror[39m: [31mRedis connection error:[39m
2025-05-03 15:00:35:035 [31merror[39m: [31mRedis connection error:[39m
2025-05-03 15:00:35:035 [31merror[39m: [31mRedis connection error:[39m
2025-05-03 15:00:36:036 [31merror[39m: [31mRedis connection error:[39m
2025-05-03 15:00:36:036 [31merror[39m: [31mRedis connection error:[39m
2025-05-03 15:00:36:036 [31merror[39m: [31mRedis connection error:[39m
2025-05-03 15:00:36:036 [31merror[39m: [31mRedis connection error:[39m
2025-05-03 15:00:37:037 [31merror[39m: [31mRedis connection error:[39m
2025-05-03 15:00:37:037 [31merror[39m: [31mRedis connection error:[39m
2025-05-03 15:00:37:037 [31merror[39m: [31mRedis connection error:[39m
2025-05-03 15:00:37:037 [31merror[39m: [31mRedis connection error:[39m
2025-05-03 15:00:38:038 [31merror[39m: [31mRedis connection error:[39m
2025-05-03 15:00:38:038 [31merror[39m: [31mRedis connection error:[39m
2025-05-03 15:00:38:038 [31merror[39m: [31mRedis connection error:[39m
2025-05-03 15:00:38:038 [31merror[39m: [31mRedis connection error:[39m
2025-05-03 15:00:39:039 [31merror[39m: [31mRedis connection error:[39m
2025-05-03 15:00:39:039 [31merror[39m: [31mRedis connection error:[39m
2025-05-03 15:00:39:039 [31merror[39m: [31mRedis connection error:[39m
2025-05-03 15:00:39:039 [31merror[39m: [31mRedis connection error:[39m
2025-05-03 15:00:40:040 [31merror[39m: [31mRedis connection error:[39m
2025-05-03 15:00:40:040 [31merror[39m: [31mRedis connection error:[39m
2025-05-03 15:00:40:040 [31merror[39m: [31mRedis connection error:[39m
2025-05-03 15:00:40:040 [31merror[39m: [31mRedis connection error:[39m
2025-05-03 15:00:41:041 [31merror[39m: [31mRedis connection error:[39m
2025-05-03 15:00:41:041 [31merror[39m: [31mRedis connection error:[39m
2025-05-03 15:00:41:041 [31merror[39m: [31mRedis connection error:[39m
2025-05-03 15:00:41:041 [31merror[39m: [31mRedis connection error:[39m
2025-05-03 15:00:42:042 [31merror[39m: [31mRedis connection error:[39m
2025-05-03 15:00:42:042 [31merror[39m: [31mRedis connection error:[39m
2025-05-03 15:00:42:042 [31merror[39m: [31mRedis connection error:[39m
2025-05-03 15:00:42:042 [31merror[39m: [31mRedis connection error:[39m
2025-05-03 15:00:43:043 [31merror[39m: [31mRedis connection error:[39m
2025-05-03 15:00:43:043 [31merror[39m: [31mRedis connection error:[39m
2025-05-03 15:00:43:043 [31merror[39m: [31mRedis connection error:[39m
2025-05-03 15:00:43:043 [31merror[39m: [31mRedis connection error:[39m
2025-05-03 15:00:44:044 [31merror[39m: [31mRedis connection error:[39m
2025-05-03 15:00:44:044 [31merror[39m: [31mRedis connection error:[39m
2025-05-03 15:00:44:044 [31merror[39m: [31mRedis connection error:[39m
2025-05-03 15:00:44:044 [31merror[39m: [31mRedis connection error:[39m
2025-05-03 15:00:45:045 [31merror[39m: [31mRedis connection error:[39m
2025-05-03 15:00:45:045 [31merror[39m: [31mRedis connection error:[39m
2025-05-03 15:00:45:045 [31merror[39m: [31mRedis connection error:[39m
2025-05-03 15:00:45:045 [31merror[39m: [31mRedis connection error:[39m
2025-05-03 15:00:46:046 [31merror[39m: [31mRedis connection error:[39m
2025-05-03 15:00:46:046 [31merror[39m: [31mRedis connection error:[39m
2025-05-03 15:00:46:046 [31merror[39m: [31mRedis connection error:[39m
2025-05-03 15:00:46:046 [31merror[39m: [31mRedis connection error:[39m
2025-05-03 15:00:47:047 [31merror[39m: [31mRedis connection error:[39m
2025-05-03 15:00:47:047 [31merror[39m: [31mRedis connection error:[39m
2025-05-03 15:00:47:047 [31merror[39m: [31mRedis connection error:[39m
2025-05-03 15:00:47:047 [31merror[39m: [31mRedis connection error:[39m
2025-05-03 15:00:48:048 [31merror[39m: [31mRedis connection error:[39m
2025-05-03 15:00:48:048 [31merror[39m: [31mRedis connection error:[39m
2025-05-03 15:00:48:048 [31merror[39m: [31mRedis connection error:[39m
2025-05-03 15:00:48:048 [31merror[39m: [31mRedis connection error:[39m
2025-05-03 15:00:49:049 [31merror[39m: [31mRedis connection error:[39m
2025-05-03 15:00:49:049 [31merror[39m: [31mRedis connection error:[39m
2025-05-03 15:00:49:049 [31merror[39m: [31mRedis connection error:[39m
2025-05-03 15:00:49:049 [31merror[39m: [31mRedis connection error:[39m
2025-05-03 15:00:50:050 [31merror[39m: [31mRedis connection error:[39m
2025-05-03 15:00:50:050 [31merror[39m: [31mRedis connection error:[39m
2025-05-03 15:01:03:13 [32minfo[39m: [32mAttempting to connect to MongoDB...[39m
2025-05-03 15:01:03:13 [31merror[39m: [31mRedis connection error:[39m
2025-05-03 15:01:03:13 [31merror[39m: [31mRedis connection error:[39m
2025-05-03 15:01:03:13 [32minfo[39m: [32mRedis reconnecting...[39m
2025-05-03 15:01:03:13 [32minfo[39m: [32mConnected to MongoDB successfully[39m
2025-05-03 15:01:03:13 [32minfo[39m: [32mServer running on port 5001[39m
2025-05-03 15:01:03:13 [31merror[39m: [31mRedis connection error:[39m
2025-05-03 15:01:03:13 [31merror[39m: [31mRedis connection error:[39m
2025-05-03 15:01:03:13 [31merror[39m: [31mRedis connection error:[39m
2025-05-03 15:01:03:13 [32minfo[39m: [32mRedis reconnecting...[39m
2025-05-03 15:01:03:13 [31merror[39m: [31mRedis connection error:[39m
2025-05-03 15:01:03:13 [31merror[39m: [31mRedis connection error:[39m
2025-05-03 15:01:04:14 [32minfo[39m: [32mRedis reconnecting...[39m
2025-05-03 15:01:04:14 [31merror[39m: [31mRedis connection error:[39m
2025-05-03 15:01:04:14 [31merror[39m: [31mRedis connection error:[39m
2025-05-03 15:01:04:14 [31merror[39m: [31mRedis connection error:[39m
2025-05-03 15:01:04:14 [32minfo[39m: [32mRedis reconnecting...[39m
2025-05-03 15:01:04:14 [33mwarn[39m: [33mRedis connection failed after 3 retries[39m
2025-05-03 15:01:04:14 [31merror[39m: [31mRedis connection error:[39m
2025-05-03 15:01:04:14 [31merror[39m: [31mRedis connection error: Redis connection failed[39m
2025-05-03 15:01:04:14 [31merror[39m: [31mUnhandled Rejection at:[39m
2025-05-03 15:01:04:14 [31merror[39m: [31mUnhandled Rejection at:[39m
2025-05-03 15:01:04:14 [31merror[39m: [31mUnhandled Rejection at:[39m
2025-05-03 15:01:04:14 [31merror[39m: [31mUnhandled Rejection at:[39m
2025-05-03 15:01:04:14 [31merror[39m: [31mRedis connection error:[39m
2025-05-03 15:01:04:14 [31merror[39m: [31mRedis connection error:[39m
2025-05-03 15:01:05:15 [31merror[39m: [31mRedis connection error:[39m
2025-05-03 15:01:05:15 [31merror[39m: [31mRedis connection error:[39m
2025-05-03 15:01:06:16 [31merror[39m: [31mRedis connection error:[39m
2025-05-03 15:01:06:16 [31merror[39m: [31mRedis connection error:[39m
2025-05-03 15:01:07:17 [31merror[39m: [31mRedis connection error:[39m
2025-05-03 15:01:07:17 [32minfo[39m: [32mAttempting to connect to MongoDB...[39m
2025-05-03 15:01:07:17 [31merror[39m: [31mRedis connection error:[39m
2025-05-03 15:01:07:17 [31merror[39m: [31mRedis connection error:[39m
2025-05-03 15:01:08:18 [31merror[39m: [31mRedis connection error:[39m
2025-05-03 15:01:08:18 [31merror[39m: [31mRedis connection error:[39m
2025-05-03 15:01:09:19 [31merror[39m: [31mRedis connection error:[39m
2025-05-03 15:01:09:19 [31merror[39m: [31mRedis connection error:[39m
2025-05-03 15:01:10:110 [31merror[39m: [31mRedis connection error:[39m
2025-05-03 15:01:10:110 [31merror[39m: [31mRedis connection error:[39m
2025-05-03 15:01:11:111 [31merror[39m: [31mRedis connection error:[39m
2025-05-03 15:01:11:111 [31merror[39m: [31mRedis connection error:[39m
2025-05-03 15:01:12:112 [31merror[39m: [31mRedis connection error:[39m
2025-05-03 15:01:12:112 [31merror[39m: [31mRedis connection error:[39m
2025-05-03 15:01:13:113 [31merror[39m: [31mRedis connection error:[39m
2025-05-03 15:01:13:113 [31merror[39m: [31mRedis connection error:[39m
2025-05-03 15:01:14:114 [31merror[39m: [31mRedis connection error:[39m
2025-05-03 15:01:14:114 [31merror[39m: [31mRedis connection error:[39m
2025-05-03 15:01:15:115 [31merror[39m: [31mRedis connection error:[39m
2025-05-03 15:01:15:115 [31merror[39m: [31mRedis connection error:[39m
2025-05-03 15:01:16:116 [31merror[39m: [31mRedis connection error:[39m
2025-05-03 15:01:16:116 [31merror[39m: [31mRedis connection error:[39m
2025-05-03 15:01:17:117 [31merror[39m: [31mRedis connection error:[39m
2025-05-03 15:01:17:117 [31merror[39m: [31mRedis connection error:[39m
2025-05-03 15:01:18:118 [31merror[39m: [31mRedis connection error:[39m
2025-05-03 15:01:18:118 [31merror[39m: [31mRedis connection error:[39m
2025-05-03 15:01:19:119 [31merror[39m: [31mRedis connection error:[39m
2025-05-03 15:01:19:119 [31merror[39m: [31mRedis connection error:[39m
2025-05-03 15:01:20:120 [31merror[39m: [31mRedis connection error:[39m
2025-05-03 15:01:20:120 [31merror[39m: [31mRedis connection error:[39m
2025-05-03 15:01:21:121 [31merror[39m: [31mRedis connection error:[39m
2025-05-03 15:01:21:121 [31merror[39m: [31mRedis connection error:[39m
2025-05-03 15:01:21:121 [32minfo[39m: [32mSIGTERM received. Shutting down gracefully...[39m
2025-05-03 15:05:08:58 [32minfo[39m: [32mAttempting to connect to MongoDB...[39m
2025-05-03 15:05:08:58 [31merror[39m: [31mRedis connection error:[39m
2025-05-03 15:05:08:58 [32minfo[39m: [32mConnected to MongoDB successfully[39m
2025-05-03 15:05:08:58 [32minfo[39m: [32mServer running on port 5001[39m
2025-05-03 15:05:08:58 [31merror[39m: [31mRedis connection error:[39m
2025-05-03 15:05:08:58 [31merror[39m: [31mRedis connection error:[39m
2025-05-03 15:05:08:58 [31merror[39m: [31mRedis connection error:[39m
2025-05-03 15:05:09:59 [31merror[39m: [31mRedis connection error:[39m
2025-05-03 15:05:09:59 [31merror[39m: [31mRedis connection error:[39m
2025-05-03 15:05:09:59 [31merror[39m: [31mRedis connection error:[39m
2025-05-03 15:05:09:59 [31merror[39m: [31mRedis connection error:[39m
2025-05-03 15:05:10:510 [31merror[39m: [31mRedis connection error:[39m
2025-05-03 15:05:10:510 [31merror[39m: [31mRedis connection error:[39m
2025-05-03 15:05:11:511 [31merror[39m: [31mRedis connection error:[39m
2025-05-03 15:05:11:511 [31merror[39m: [31mRedis connection error:[39m
2025-05-03 15:05:12:512 [31merror[39m: [31mRedis connection error:[39m
2025-05-03 15:05:12:512 [31merror[39m: [31mRedis connection error:[39m
2025-05-03 15:05:13:513 [31merror[39m: [31mRedis connection error:[39m
2025-05-03 15:05:13:513 [31merror[39m: [31mRedis connection error:[39m
2025-05-03 15:05:14:514 [31merror[39m: [31mRedis connection error:[39m
2025-05-03 15:05:14:514 [31merror[39m: [31mRedis connection error:[39m
2025-05-03 15:05:15:515 [31merror[39m: [31mRedis connection error:[39m
2025-05-03 15:05:15:515 [31merror[39m: [31mRedis connection error:[39m
2025-05-03 15:05:16:516 [31merror[39m: [31mRedis connection error:[39m
2025-05-03 15:05:16:516 [31merror[39m: [31mRedis connection error:[39m
2025-05-03 15:05:17:517 [31merror[39m: [31mRedis connection error:[39m
2025-05-03 15:05:17:517 [31merror[39m: [31mRedis connection error:[39m
2025-05-03 15:05:18:518 [31merror[39m: [31mRedis connection error:[39m
2025-05-03 15:05:18:518 [31merror[39m: [31mRedis connection error:[39m
2025-05-03 15:05:19:519 [31merror[39m: [31mRedis connection error:[39m
2025-05-03 15:05:19:519 [31merror[39m: [31mRedis connection error:[39m
2025-05-03 15:05:20:520 [31merror[39m: [31mRedis connection error:[39m
2025-05-03 15:05:20:520 [31merror[39m: [31mRedis connection error:[39m
2025-05-03 15:05:21:521 [31merror[39m: [31mRedis connection error:[39m
2025-05-03 15:05:21:521 [31merror[39m: [31mRedis connection error:[39m
2025-05-03 15:05:22:522 [31merror[39m: [31mRedis connection error:[39m
2025-05-03 15:05:22:522 [31merror[39m: [31mRedis connection error:[39m
2025-05-03 15:05:23:523 [31merror[39m: [31mRedis connection error:[39m
2025-05-03 15:05:23:523 [31merror[39m: [31mRedis connection error:[39m
2025-05-03 15:05:24:524 [31merror[39m: [31mRedis connection error:[39m
2025-05-03 15:05:24:524 [31merror[39m: [31mRedis connection error:[39m
2025-05-03 15:05:25:525 [31merror[39m: [31mRedis connection error:[39m
2025-05-03 15:05:25:525 [31merror[39m: [31mRedis connection error:[39m
2025-05-03 15:05:26:526 [31merror[39m: [31mRedis connection error:[39m
2025-05-03 15:05:26:526 [31merror[39m: [31mRedis connection error:[39m
2025-05-03 15:05:27:527 [31merror[39m: [31mRedis connection error:[39m
2025-05-03 15:05:27:527 [31merror[39m: [31mRedis connection error:[39m
2025-05-03 15:05:28:528 [31merror[39m: [31mRedis connection error:[39m
2025-05-03 15:05:28:528 [31merror[39m: [31mRedis connection error:[39m
2025-05-03 15:05:29:529 [31merror[39m: [31mRedis connection error:[39m
2025-05-03 15:05:29:529 [31merror[39m: [31mRedis connection error:[39m
2025-05-03 15:05:30:530 [31merror[39m: [31mRedis connection error:[39m
2025-05-03 15:05:30:530 [31merror[39m: [31mRedis connection error:[39m
2025-05-03 15:05:31:531 [31merror[39m: [31mRedis connection error:[39m
2025-05-03 15:05:31:531 [31merror[39m: [31mRedis connection error:[39m
2025-05-03 15:05:32:532 [31merror[39m: [31mRedis connection error:[39m
2025-05-03 15:05:32:532 [31merror[39m: [31mRedis connection error:[39m
2025-05-03 15:05:33:533 [31merror[39m: [31mRedis connection error:[39m
2025-05-03 15:05:33:533 [31merror[39m: [31mRedis connection error:[39m
2025-05-03 15:05:34:534 [31merror[39m: [31mRedis connection error:[39m
2025-05-03 15:05:34:534 [31merror[39m: [31mRedis connection error:[39m
2025-05-03 15:05:35:535 [31merror[39m: [31mRedis connection error:[39m
2025-05-03 15:05:35:535 [31merror[39m: [31mRedis connection error:[39m
2025-05-03 15:05:36:536 [31merror[39m: [31mRedis connection error:[39m
2025-05-03 15:05:36:536 [31merror[39m: [31mRedis connection error:[39m
2025-05-03 15:05:37:537 [31merror[39m: [31mRedis connection error:[39m
2025-05-03 15:05:37:537 [31merror[39m: [31mRedis connection error:[39m
2025-05-03 15:05:38:538 [31merror[39m: [31mRedis connection error:[39m
2025-05-03 15:05:38:538 [31merror[39m: [31mRedis connection error:[39m
2025-05-03 15:05:39:539 [31merror[39m: [31mRedis connection error:[39m
2025-05-03 15:05:39:539 [31merror[39m: [31mRedis connection error:[39m
2025-05-03 15:05:40:540 [31merror[39m: [31mRedis connection error:[39m
2025-05-03 15:05:40:540 [31merror[39m: [31mRedis connection error:[39m
2025-05-03 15:05:41:541 [31merror[39m: [31mRedis connection error:[39m
2025-05-03 15:05:41:541 [31merror[39m: [31mRedis connection error:[39m
2025-05-03 15:05:42:542 [31merror[39m: [31mRedis connection error:[39m
2025-05-03 15:05:42:542 [31merror[39m: [31mRedis connection error:[39m
2025-05-03 15:05:43:543 [31merror[39m: [31mRedis connection error:[39m
2025-05-03 15:05:43:543 [31merror[39m: [31mRedis connection error:[39m
2025-05-03 15:05:44:544 [31merror[39m: [31mRedis connection error:[39m
2025-05-03 15:05:44:544 [31merror[39m: [31mRedis connection error:[39m
2025-05-03 15:05:45:545 [31merror[39m: [31mRedis connection error:[39m
2025-05-03 15:05:45:545 [31merror[39m: [31mRedis connection error:[39m
2025-05-03 15:05:46:546 [31merror[39m: [31mRedis connection error:[39m
2025-05-03 15:05:46:546 [31merror[39m: [31mRedis connection error:[39m
2025-05-03 15:05:47:547 [31merror[39m: [31mRedis connection error:[39m
2025-05-03 15:05:47:547 [31merror[39m: [31mRedis connection error:[39m
2025-05-03 15:05:48:548 [31merror[39m: [31mRedis connection error:[39m
2025-05-03 15:05:48:548 [31merror[39m: [31mRedis connection error:[39m
2025-05-03 15:05:49:549 [31merror[39m: [31mRedis connection error:[39m
2025-05-03 15:05:49:549 [31merror[39m: [31mRedis connection error:[39m
2025-05-03 15:05:50:550 [31merror[39m: [31mRedis connection error:[39m
2025-05-03 15:05:50:550 [31merror[39m: [31mRedis connection error:[39m
2025-05-03 15:05:51:551 [31merror[39m: [31mRedis connection error:[39m
2025-05-03 15:05:51:551 [31merror[39m: [31mRedis connection error:[39m
2025-05-03 15:05:52:552 [31merror[39m: [31mRedis connection error:[39m
2025-05-03 15:05:52:552 [31merror[39m: [31mRedis connection error:[39m
2025-05-03 15:05:53:553 [31merror[39m: [31mRedis connection error:[39m
2025-05-03 15:05:53:553 [31merror[39m: [31mRedis connection error:[39m
2025-05-03 15:05:54:554 [31merror[39m: [31mRedis connection error:[39m
2025-05-03 15:05:54:554 [31merror[39m: [31mRedis connection error:[39m
2025-05-03 15:05:55:555 [31merror[39m: [31mRedis connection error:[39m
